<?xml version="1.0" encoding="UTF-8"?>
<!-- Generated by org.testng.reporters.JUnitReportReporter -->
<testsuite skipped="0" hostname="Amar" name="testrunner.TestRunner" tests="4" failures="0" timestamp="2021-12-27T18:27:13 IST" time="0.374" errors="0">
  <testcase name="runScenario" time="0.051" classname="testrunner.TestRunner"/>
  <system-out/>
  <testcase name="runScenario" time="0.043" classname="testrunner.TestRunner"/>
  <system-out/>
  <testcase name="runScenario" time="0.244" classname="testrunner.TestRunner"/>
  <system-out/>
  <testcase name="runScenario" time="0.036" classname="testrunner.TestRunner"/>
  <system-out/>
</testsuite> <!-- testrunner.TestRunner -->
