<?xml version="1.0" encoding="UTF-8"?>
<!-- Generated by org.testng.reporters.JUnitReportReporter -->
<testsuite skipped="0" hostname="Amar" name="testrunner.TestRunner" tests="3" failures="0" timestamp="2022-07-21T16:31:37 IST" time="0.736" errors="0">
  <testcase name="runScenario" time="0.046" classname="testrunner.TestRunner"/>
  <system-out/>
  <testcase name="runScenario" time="0.075" classname="testrunner.TestRunner"/>
  <system-out/>
  <testcase name="runScenario" time="0.615" classname="testrunner.TestRunner"/>
  <system-out/>
</testsuite> <!-- testrunner.TestRunner -->
